<?xml version="1.0" encoding="UTF-8"?>
<!-- Generated by org.testng.reporters.JUnitReportReporter -->
<testsuite hostname="LAPTOP-7733NLNE" failures="0" tests="1" name="testscripts.SecondTest" time="30.406" errors="0" timestamp="2023-02-28T13:19:59 IST" skipped="0">
  <testcase classname="testscripts.SecondTest" name="secondTest" time="30.406"/>
  <system-out/>
</testsuite> <!-- testscripts.SecondTest -->
