<?xml version="1.0" encoding="UTF-8"?>
<!-- Generated by org.testng.reporters.JUnitReportReporter -->
<testsuite hostname="LAPTOP-7733NLNE" failures="0" tests="1" name="testscripts.FirstTest" time="20.253" errors="0" timestamp="2023-02-24T14:13:07 IST" skipped="0">
  <testcase classname="testscripts.FirstTest" name="firstTest" time="20.253"/>
  <system-out/>
</testsuite> <!-- testscripts.FirstTest -->
